<?xml version="1.0" encoding="UTF-8"?>
<testng-results ignored="0" total="2" passed="2" failed="0" skipped="0">
  <reporter-output>
  </reporter-output>
  <suite started-at="2023-05-01T21:22:53 EDT" name="Default suite" finished-at="2023-05-01T21:23:09 EDT" duration-ms="15340">
    <groups>
    </groups>
    <test started-at="2023-05-01T21:22:53 EDT" name="Default test" finished-at="2023-05-01T21:23:09 EDT" duration-ms="15340">
      <class name="com.guru99.qa.testcases.LoginPageTest">
        <test-method is-config="true" signature="setUp()[pri:0, instance:com.guru99.qa.testcases.LoginPageTest@1165b38]" started-at="2023-05-01T21:22:53 EDT" name="setUp" finished-at="2023-05-01T21:23:02 EDT" duration-ms="8207" status="PASS">
          <reporter-output>
          </reporter-output>
        </test-method> <!-- setUp -->
        <test-method signature="loginpage_Title_Test()[pri:1, instance:com.guru99.qa.testcases.LoginPageTest@1165b38]" started-at="2023-05-01T21:23:02 EDT" name="loginpage_Title_Test" finished-at="2023-05-01T21:23:02 EDT" duration-ms="86" status="PASS">
          <reporter-output>
          </reporter-output>
        </test-method> <!-- loginpage_Title_Test -->
        <test-method is-config="true" signature="teraDown()[pri:0, instance:com.guru99.qa.testcases.LoginPageTest@1165b38]" started-at="2023-05-01T21:23:02 EDT" name="teraDown" finished-at="2023-05-01T21:23:02 EDT" duration-ms="2" status="PASS">
          <reporter-output>
          </reporter-output>
        </test-method> <!-- teraDown -->
        <test-method is-config="true" signature="setUp()[pri:0, instance:com.guru99.qa.testcases.LoginPageTest@1165b38]" started-at="2023-05-01T21:23:02 EDT" name="setUp" finished-at="2023-05-01T21:23:08 EDT" duration-ms="5923" status="PASS">
          <reporter-output>
          </reporter-output>
        </test-method> <!-- setUp -->
        <test-method signature="loginTest()[pri:2, instance:com.guru99.qa.testcases.LoginPageTest@1165b38]" started-at="2023-05-01T21:23:08 EDT" name="loginTest" finished-at="2023-05-01T21:23:09 EDT" duration-ms="1015" status="PASS">
          <reporter-output>
          </reporter-output>
        </test-method> <!-- loginTest -->
        <test-method is-config="true" signature="teraDown()[pri:0, instance:com.guru99.qa.testcases.LoginPageTest@1165b38]" started-at="2023-05-01T21:23:09 EDT" name="teraDown" finished-at="2023-05-01T21:23:09 EDT" duration-ms="0" status="PASS">
          <reporter-output>
          </reporter-output>
        </test-method> <!-- teraDown -->
      </class> <!-- com.guru99.qa.testcases.LoginPageTest -->
    </test> <!-- Default test -->
  </suite> <!-- Default suite -->
</testng-results>
